

Started GET "/" for 127.0.0.1 at Thu Mar 17 23:08:44 +0530 2011
  Processing by HomeController#index as HTML
Rendered home/index.html.haml within layouts/application (3.1ms)
Completed 200 OK in 10ms (Views: 9.9ms | ActiveRecord: 0.0ms)


Started GET "/" for 127.0.0.1 at Thu Mar 17 23:09:53 +0530 2011
  Processing by HomeController#index as HTML
Rendered home/index.html.haml within layouts/application (1.5ms)
Completed 200 OK in 9ms (Views: 8.2ms | ActiveRecord: 0.0ms)


Started GET "/" for 127.0.0.1 at Thu Mar 17 23:09:59 +0530 2011
  Processing by HomeController#index as HTML
Rendered home/index.html.haml within layouts/application (1.4ms)
Completed 200 OK in 8ms (Views: 8.0ms | ActiveRecord: 0.0ms)


Started GET "/" for 127.0.0.1 at Thu Mar 17 23:10:21 +0530 2011
  Processing by HomeController#index as HTML
Rendered home/index.html.haml within layouts/application (1.4ms)
Completed 200 OK in 8ms (Views: 7.9ms | ActiveRecord: 0.0ms)


Started GET "/" for 127.0.0.1 at Thu Mar 17 23:10:27 +0530 2011
  Processing by HomeController#index as HTML
Rendered home/index.html.haml within layouts/application (1.4ms)
Completed 200 OK in 9ms (Views: 8.5ms | ActiveRecord: 0.0ms)


Started GET "/" for 127.0.0.1 at Thu Mar 17 23:10:29 +0530 2011
  Processing by HomeController#index as HTML
Rendered home/index.html.haml within layouts/application (1.6ms)
Completed 200 OK in 11ms (Views: 10.3ms | ActiveRecord: 0.0ms)


Started GET "/" for 127.0.0.1 at Thu Mar 17 23:18:54 +0530 2011
  Processing by HomeController#index as HTML
Rendered home/index.html.haml within layouts/application (44.8ms)
Completed 200 OK in 53ms (Views: 51.9ms | ActiveRecord: 0.0ms)


Started GET "/logout" for 127.0.0.1 at Thu Mar 17 23:20:40 +0530 2011

ActionController::RoutingError (No route matches "/logout"):
  

Rendered /usr/lib/ruby/gems/1.8/gems/actionpack-3.0.3/lib/action_dispatch/middleware/templates/rescues/routing_error.erb within rescues/layout (1.0ms)


Started GET "/" for 127.0.0.1 at Thu Mar 17 23:21:44 +0530 2011
  Processing by HomeController#index as HTML
Rendered home/index.html.haml within layouts/application (27.0ms)
Completed 200 OK in 100ms (Views: 43.7ms | ActiveRecord: 0.0ms)
  [1m[36mSQL (0.3ms)[0m  [1mSHOW TABLES[0m
  [1m[35mSQL (144.7ms)[0m  CREATE TABLE `schema_migrations` (`version` varchar(255) NOT NULL) ENGINE=InnoDB
  [1m[36mSQL (0.5ms)[0m  [1mSHOW KEYS FROM `schema_migrations`[0m
  [1m[35mSQL (246.6ms)[0m  CREATE UNIQUE INDEX `unique_schema_migrations` ON `schema_migrations` (`version`)
  [1m[36mSQL (0.6ms)[0m  [1mSHOW TABLES[0m
  [1m[35mSQL (0.4ms)[0m  SHOW TABLES
  [1m[36mSQL (0.3ms)[0m  [1mSELECT `schema_migrations`.`version` FROM `schema_migrations`[0m
Migrating to DeviseCreateUsers (20110317180130)
  [1m[35mSQL (118.9ms)[0m  CREATE TABLE `users` (`id` int(11) DEFAULT NULL auto_increment PRIMARY KEY, `email` varchar(255) DEFAULT '' NOT NULL, `encrypted_password` varchar(128) DEFAULT '' NOT NULL, `password_salt` varchar(255) DEFAULT '' NOT NULL, `reset_password_token` varchar(255), `remember_token` varchar(255), `remember_created_at` datetime, `sign_in_count` int(11) DEFAULT 0, `current_sign_in_at` datetime, `last_sign_in_at` datetime, `current_sign_in_ip` varchar(255), `last_sign_in_ip` varchar(255), `created_at` datetime, `updated_at` datetime) ENGINE=InnoDB
  [1m[36mSQL (0.5ms)[0m  [1mSHOW KEYS FROM `users`[0m
  [1m[35mSQL (303.2ms)[0m  CREATE UNIQUE INDEX `index_users_on_email` ON `users` (`email`)
  [1m[36mSQL (0.8ms)[0m  [1mSHOW KEYS FROM `users`[0m
  [1m[35mSQL (291.1ms)[0m  CREATE UNIQUE INDEX `index_users_on_reset_password_token` ON `users` (`reset_password_token`)
  [1m[36mSQL (53.7ms)[0m  [1mINSERT INTO `schema_migrations` (`version`) VALUES ('20110317180130')[0m
  [1m[35mSQL (0.4ms)[0m  SHOW TABLES
  [1m[36mSQL (0.2ms)[0m  [1mSELECT `schema_migrations`.`version` FROM `schema_migrations`[0m
  [1m[35mSQL (0.2ms)[0m  SHOW TABLES
  [1m[36mSQL (0.6ms)[0m  [1mdescribe `users`[0m
  [1m[35mSQL (0.3ms)[0m  SHOW KEYS FROM `users`


Started GET "/" for 127.0.0.1 at Thu Mar 17 23:33:16 +0530 2011
  Processing by HomeController#index as HTML
Rendered home/index.html.haml within layouts/application (25.8ms)
Completed 200 OK in 33ms (Views: 32.5ms | ActiveRecord: 0.0ms)


Started GET "/users/sign_in" for 127.0.0.1 at Thu Mar 17 23:33:23 +0530 2011
  Processing by Devise::SessionsController#new as HTML
Rendered devise/shared/_links.haml (4.0ms)
Rendered devise/sessions/new.html.haml within layouts/sign (18.8ms)
Completed 200 OK in 41ms (Views: 22.4ms | ActiveRecord: 0.0ms)


Started GET "/users/sign_in" for 127.0.0.1 at Thu Mar 17 23:35:52 +0530 2011
  Processing by Devise::SessionsController#new as HTML
Rendered devise/shared/_links.haml (4.1ms)
Rendered devise/sessions/new.html.haml within layouts/sign (18.9ms)
Completed 200 OK in 34ms (Views: 22.4ms | ActiveRecord: 0.0ms)


Started GET "/users/sign_in" for 127.0.0.1 at Thu Mar 17 23:43:35 +0530 2011
  Processing by Devise::SessionsController#new as HTML
Rendered devise/shared/_links.haml (3.9ms)
Rendered devise/sessions/new.html.haml within layouts/sign (22.4ms)
Completed 200 OK in 43ms (Views: 25.8ms | ActiveRecord: 0.0ms)


Started GET "/" for 127.0.0.1 at Fri Mar 18 11:15:22 +0530 2011
  Processing by HomeController#index as HTML
Rendered home/index.html.haml within layouts/application (78.0ms)
Completed 200 OK in 168ms (Views: 167.7ms | ActiveRecord: 0.0ms)


Started GET "/users/sign_in" for 127.0.0.1 at Fri Mar 18 11:15:29 +0530 2011
  Processing by Devise::SessionsController#new as HTML
Rendered devise/shared/_links.haml (3.9ms)
Rendered devise/sessions/new.html.haml within layouts/sign (49.6ms)
Completed 200 OK in 162ms (Views: 91.9ms | ActiveRecord: 0.0ms)
